<?xml version="1.0" encoding="UTF-8"?>
<!-- Generated by org.testng.reporters.JUnitXMLReporter -->
<testsuite ignored="0" hostname="LAPTOP-HBQQ1KH2" failures="0" tests="13" name="Default test" time="739.451" errors="0" timestamp="2023-06-15T20:43:12 IST">
  <testcase classname="com.Testcomponent.Regression_Testing" name="All_Menu_validation" time="63.317"/>
  <testcase classname="com.Testcomponent.Regression_Testing" name="blank_Username_Password" time="30.26"/>
  <testcase classname="com.Testcomponent.Regression_Testing" name="bottom_Links_Validation" time="77.501"/>
  <testcase classname="com.Testcomponent.Regression_Testing" name="inValidUsername_InvalidPassword" time="48.422"/>
  <testcase classname="com.Testcomponent.Regression_Testing" name="inValidUsername_validPassword" time="45.429"/>
  <testcase classname="com.Testcomponent.Regression_Testing" name="invalid_Login_Credentials_To_Signup" time="29.608"/>
  <testcase classname="com.Testcomponent.Regression_Testing" name="search_Box_Validation" time="50.812"/>
  <testcase classname="com.Testcomponent.Regression_Testing" name="searchpaymentValidation" time="148.624"/>
  <testcase classname="com.Testcomponent.Regression_Testing" name="shop_by_Brand" time="42.966"/>
  <testcase classname="com.Testcomponent.Regression_Testing" name="shop_by_Department" time="31.292"/>
  <testcase classname="com.Testcomponent.Regression_Testing" name="validUsername_InvalidPassword" time="27.691"/>
  <testcase classname="com.Testcomponent.Regression_Testing" name="valid_Login_Credentials_To_Signup" time="26.074"/>
  <testcase classname="com.Testcomponent.Regression_Testing" name="valid_username_Password" time="34.733"/>
</testsuite> <!-- Default test -->
